<?xml version="1.0" encoding="UTF-8"?>
<testng-results ignored="0" total="1" passed="1" failed="0" skipped="0">
  <reporter-output>
    <line>
      <![CDATA[<B><font color = 'orange'>Username .</font></B> Entered User ID]]>
    </line>
    <line>
      <![CDATA[<B><font color = 'orange'>Username .</font></B> Entered User ID]]>
    </line>
    <line>
      <![CDATA[<B><font color = 'orange'>Password .</font></B> Entered Password]]>
    </line>
    <line>
      <![CDATA[<B><font color = 'orange'>Sign In Button .</font></B> Clicked on Submit Button]]>
    </line>
    <line>
      <![CDATA[<B><font color = 'blue'> Step 1 .</font> Clicked on profile logo  option ]]>
    </line>
    <line>
      <![CDATA[<B><font color = 'orange'>Step 2 .</font></B> printed user name ]]>
    </line>
  </reporter-output>
  <suite started-at="2025-02-13T18:17:15 IST" name=" Web_Browser2_Git_1 Suite" finished-at="2025-02-13T18:17:33 IST" duration-ms="17479">
    <groups>
    </groups>
    <test started-at="2025-02-13T18:17:15 IST" name="Web_Browser2_Git_1  Test Cases" finished-at="2025-02-13T18:17:33 IST" duration-ms="17479">
      <class name="com.naukari_app.test_cases.user_side.T1_Profile_Module_Test">
        <test-method is-config="true" signature="beforeSuite()[pri:0, instance:com.naukari_app.test_cases.user_side.T1_Profile_Module_Test@186f8716]" started-at="2025-02-13T18:17:15 IST" name="beforeSuite" finished-at="2025-02-13T18:17:15 IST" duration-ms="12" status="PASS">
          <reporter-output>
          </reporter-output>
        </test-method> <!-- beforeSuite -->
        <test-method is-config="true" signature="initialization()[pri:0, instance:com.naukari_app.test_cases.user_side.T1_Profile_Module_Test@186f8716]" started-at="2025-02-13T18:17:15 IST" name="initialization" finished-at="2025-02-13T18:17:26 IST" duration-ms="10721" status="PASS">
          <reporter-output>
            <line>
              <![CDATA[<B><font color = 'orange'>Username .</font></B> Entered User ID]]>
            </line>
            <line>
              <![CDATA[<B><font color = 'orange'>Username .</font></B> Entered User ID]]>
            </line>
            <line>
              <![CDATA[<B><font color = 'orange'>Password .</font></B> Entered Password]]>
            </line>
            <line>
              <![CDATA[<B><font color = 'orange'>Sign In Button .</font></B> Clicked on Submit Button]]>
            </line>
          </reporter-output>
        </test-method> <!-- initialization -->
        <test-method signature="Profile_Module_check()[pri:1, instance:com.naukari_app.test_cases.user_side.T1_Profile_Module_Test@186f8716]" started-at="2025-02-13T18:17:26 IST" name="Profile_Module_check" finished-at="2025-02-13T18:17:33 IST" duration-ms="6430" status="PASS">
          <reporter-output>
            <line>
              <![CDATA[<B><font color = 'blue'> Step 1 .</font> Clicked on profile logo  option ]]>
            </line>
            <line>
              <![CDATA[<B><font color = 'orange'>Step 2 .</font></B> printed user name ]]>
            </line>
          </reporter-output>
        </test-method> <!-- Profile_Module_check -->
        <test-method is-config="true" signature="tearDown(org.testng.ITestResult)[pri:0, instance:com.naukari_app.test_cases.user_side.T1_Profile_Module_Test@186f8716]" started-at="2025-02-13T18:17:33 IST" name="tearDown" finished-at="2025-02-13T18:17:33 IST" duration-ms="296" status="PASS">
          <params>
            <param index="0">
              <value>
                <![CDATA[[TestResult name=Profile_Module_check status=SUCCESS method=T1_Profile_Module_Test.Profile_Module_check()[pri:1, instance:com.naukari_app.test_cases.user_side.T1_Profile_Module_Test@186f8716] output=<B><font color = 'blue'> Step 1 .</font> Clicked on profile logo  option ]]]>
              </value>
            </param>
          </params>
          <reporter-output>
          </reporter-output>
        </test-method> <!-- tearDown -->
      </class> <!-- com.naukari_app.test_cases.user_side.T1_Profile_Module_Test -->
    </test> <!-- Web_Browser2_Git_1  Test Cases -->
  </suite> <!--  Web_Browser2_Git_1 Suite -->
</testng-results>
